[21:53:37] [main/INFO]: Setting user: Player952
[21:53:37] [main/INFO]: (Session ID is token:0:Player952)
[21:53:37] [Client thread/INFO]: LWJGL Version: 2.9.1
[21:53:37] [Client thread/INFO]: Reloading ResourceManager: Default
[21:53:38] [Sound Library Loader/INFO]: Sound engine started
[21:53:38] [Client thread/INFO]: Created: 512x256 textures/blocks-atlas
[21:53:38] [Client thread/INFO]: Created: 256x256 textures/items-atlas
[21:53:39] [Server thread/INFO]: Starting integrated minecraft server version 1.7.10
[21:53:39] [Server thread/INFO]: Generating keypair
[21:53:39] [Server thread/INFO]: Preparing start region for level 0
[21:53:40] [Server thread/INFO]: Changing view distance to 5, from 10
[21:53:40] [Server thread/INFO]: Player952[local:E:7c3ac459] logged in with entity id 46 at (747.1777214006995, 72.0, 452.34775051091475)
[21:53:40] [Server thread/INFO]: Player952 joined the game
[21:53:41] [Server thread/INFO]: Player952 has just earned the achievement [Taking Inventory]
[21:53:41] [Server thread/INFO]: <Player952> 2
[21:53:41] [Server thread/INFO]: <Player952> 2
[21:53:41] [Server thread/INFO]: <Player952> 2
[21:53:41] [Server thread/INFO]: <Player952> 2
[21:53:41] [Client thread/INFO]: [CHAT] Player952 has just earned the achievement [Taking Inventory]
[21:53:41] [Client thread/INFO]: [CHAT] <Player952> 2
[21:53:41] [Client thread/INFO]: [CHAT] <Player952> 2
[21:53:41] [Client thread/INFO]: [CHAT] <Player952> 2
[21:53:41] [Client thread/INFO]: [CHAT] <Player952> 2
[21:53:41] [Server thread/INFO]: <Player952> 2
[21:53:41] [Server thread/INFO]: <Player952> 2
[21:53:41] [Client thread/INFO]: [CHAT] <Player952> 2
[21:53:41] [Client thread/INFO]: [CHAT] <Player952> 2
[21:53:41] [Server thread/INFO]: <Player952> 2
[21:53:41] [Client thread/INFO]: [CHAT] <Player952> 2
[21:53:41] [Server thread/INFO]: <Player952> 2
[21:53:41] [Server thread/INFO]: <Player952> 2
[21:53:41] [Server thread/INFO]: <Player952> 2
[21:53:41] [Client thread/INFO]: [CHAT] <Player952> 2
[21:53:41] [Client thread/INFO]: [CHAT] <Player952> 2
[21:53:41] [Client thread/INFO]: [CHAT] <Player952> 2
[21:53:41] [Server thread/INFO]: <Player952> 2
[21:53:41] [Client thread/INFO]: [CHAT] <Player952> 2
[21:53:41] [Server thread/INFO]: <Player952> 2
[21:53:41] [Server thread/INFO]: <Player952> 2
[21:53:41] [Client thread/INFO]: [CHAT] <Player952> 2
[21:53:41] [Client thread/INFO]: [CHAT] <Player952> 2
[21:53:41] [Server thread/INFO]: <Player952> 2
[21:53:41] [Server thread/INFO]: <Player952> 2
[21:53:41] [Server thread/INFO]: <Player952> 2
[21:53:41] [Client thread/INFO]: [CHAT] <Player952> 2
[21:53:41] [Client thread/INFO]: [CHAT] <Player952> 2
[21:53:41] [Client thread/INFO]: [CHAT] <Player952> 2
[21:53:41] [Server thread/INFO]: <Player952> 2
[21:53:41] [Server thread/INFO]: <Player952> 2
[21:53:41] [Server thread/INFO]: <Player952> 2
[21:53:41] [Client thread/INFO]: [CHAT] <Player952> 2
[21:53:41] [Client thread/INFO]: [CHAT] <Player952> 2
[21:53:41] [Client thread/INFO]: [CHAT] <Player952> 2
[21:53:41] [Server thread/INFO]: <Player952> 2
[21:53:41] [Server thread/INFO]: <Player952> 2
[21:53:41] [Server thread/INFO]: <Player952> 2
[21:53:41] [Client thread/INFO]: [CHAT] <Player952> 2
[21:53:41] [Client thread/INFO]: [CHAT] <Player952> 2
[21:53:41] [Client thread/INFO]: [CHAT] <Player952> 2
[21:53:41] [Server thread/INFO]: <Player952> 2
[21:53:41] [Server thread/INFO]: <Player952> 2
[21:53:41] [Server thread/INFO]: <Player952> 2
[21:53:42] [Client thread/INFO]: [CHAT] <Player952> 2
[21:53:42] [Client thread/INFO]: [CHAT] <Player952> 2
[21:53:42] [Client thread/INFO]: [CHAT] <Player952> 2
[21:53:42] [Server thread/INFO]: <Player952> 2
[21:53:42] [Server thread/INFO]: <Player952> 2
[21:53:42] [Client thread/INFO]: [CHAT] <Player952> 2
[21:53:42] [Client thread/INFO]: [CHAT] <Player952> 2
[21:53:42] [Server thread/INFO]: <Player952> 2
[21:53:42] [Server thread/INFO]: <Player952> 2
[21:53:42] [Server thread/INFO]: <Player952> 2
[21:53:42] [Server thread/INFO]: <Player952> 2
[21:53:42] [Server thread/INFO]: <Player952> 2
[21:53:42] [Server thread/INFO]: <Player952> 2
[21:53:42] [Server thread/INFO]: <Player952> 2
[21:53:42] [Client thread/INFO]: [CHAT] <Player952> 2
[21:53:42] [Client thread/INFO]: [CHAT] <Player952> 2
[21:53:42] [Client thread/INFO]: [CHAT] <Player952> 2
[21:53:42] [Client thread/INFO]: [CHAT] <Player952> 2
[21:53:42] [Client thread/INFO]: [CHAT] <Player952> 2
[21:53:42] [Client thread/INFO]: [CHAT] <Player952> 2
[21:53:42] [Client thread/INFO]: [CHAT] <Player952> 2
[21:53:42] [Server thread/INFO]: <Player952> 2
[21:53:42] [Server thread/INFO]: <Player952> 2
[21:53:42] [Server thread/INFO]: <Player952> 2
[21:53:42] [Client thread/INFO]: [CHAT] <Player952> 2
[21:53:42] [Client thread/INFO]: [CHAT] <Player952> 2
[21:53:42] [Client thread/INFO]: [CHAT] <Player952> 2
[21:53:42] [Server thread/INFO]: <Player952> 2
[21:53:42] [Server thread/INFO]: <Player952> 2
[21:53:42] [Server thread/INFO]: <Player952> 2
[21:53:42] [Client thread/INFO]: [CHAT] <Player952> 2
[21:53:42] [Client thread/INFO]: [CHAT] <Player952> 2
[21:53:42] [Client thread/INFO]: [CHAT] <Player952> 2
[21:53:42] [Server thread/INFO]: <Player952> 2
[21:53:42] [Server thread/INFO]: <Player952> 2
[21:53:42] [Server thread/INFO]: <Player952> 2
[21:53:42] [Client thread/INFO]: [CHAT] <Player952> 2
[21:53:42] [Client thread/INFO]: [CHAT] <Player952> 2
[21:53:42] [Client thread/INFO]: [CHAT] <Player952> 2
[21:53:42] [Server thread/INFO]: <Player952> 2
[21:53:42] [Server thread/INFO]: <Player952> 2
[21:53:42] [Server thread/INFO]: <Player952> 2
[21:53:42] [Client thread/INFO]: [CHAT] <Player952> 2
[21:53:42] [Client thread/INFO]: [CHAT] <Player952> 2
[21:53:42] [Client thread/INFO]: [CHAT] <Player952> 2
[21:53:42] [Server thread/INFO]: <Player952> 2
[21:53:42] [Server thread/INFO]: <Player952> 2
[21:53:42] [Server thread/INFO]: <Player952> 2
[21:53:42] [Client thread/INFO]: [CHAT] <Player952> 2
[21:53:42] [Client thread/INFO]: [CHAT] <Player952> 2
[21:53:42] [Client thread/INFO]: [CHAT] <Player952> 2
[21:53:42] [Server thread/INFO]: <Player952> 2
[21:53:42] [Server thread/INFO]: <Player952> 2
[21:53:42] [Server thread/INFO]: <Player952> 2
[21:53:42] [Client thread/INFO]: [CHAT] <Player952> 2
[21:53:42] [Client thread/INFO]: [CHAT] <Player952> 2
[21:53:42] [Client thread/INFO]: [CHAT] <Player952> 2
[21:53:42] [Server thread/INFO]: <Player952> 2
[21:53:42] [Server thread/INFO]: <Player952> 2
[21:53:42] [Server thread/INFO]: <Player952> 2
[21:53:42] [Client thread/INFO]: [CHAT] <Player952> 2
[21:53:42] [Client thread/INFO]: [CHAT] <Player952> 2
[21:53:42] [Client thread/INFO]: [CHAT] <Player952> 2
[21:53:42] [Server thread/INFO]: <Player952> 2
[21:53:42] [Server thread/INFO]: <Player952> 2
[21:53:42] [Server thread/INFO]: <Player952> 2
[21:53:42] [Client thread/INFO]: [CHAT] <Player952> 2
[21:53:42] [Client thread/INFO]: [CHAT] <Player952> 2
[21:53:42] [Client thread/INFO]: [CHAT] <Player952> 2
[21:53:42] [Server thread/INFO]: <Player952> 2
[21:53:42] [Server thread/INFO]: <Player952> 2
[21:53:42] [Client thread/INFO]: [CHAT] <Player952> 2
[21:53:42] [Client thread/INFO]: [CHAT] <Player952> 2
[21:53:42] [Server thread/INFO]: <Player952> 2
[21:53:42] [Server thread/INFO]: <Player952> 2
[21:53:42] [Server thread/INFO]: <Player952> 2
[21:53:42] [Server thread/INFO]: <Player952> 2
[21:53:42] [Client thread/INFO]: [CHAT] <Player952> 2
[21:53:42] [Client thread/INFO]: [CHAT] <Player952> 2
[21:53:42] [Client thread/INFO]: [CHAT] <Player952> 2
[21:53:42] [Client thread/INFO]: [CHAT] <Player952> 2
[21:53:42] [Server thread/INFO]: <Player952> 2
[21:53:42] [Server thread/INFO]: <Player952> 2
[21:53:42] [Client thread/INFO]: [CHAT] <Player952> 2
[21:53:42] [Client thread/INFO]: [CHAT] <Player952> 2
[21:53:42] [Server thread/INFO]: <Player952> 2
[21:53:42] [Server thread/INFO]: <Player952> 2
[21:53:42] [Server thread/INFO]: <Player952> 2
[21:53:42] [Server thread/INFO]: <Player952> 2
[21:53:42] [Server thread/INFO]: <Player952> 2
[21:53:42] [Client thread/INFO]: [CHAT] <Player952> 2
[21:53:42] [Client thread/INFO]: [CHAT] <Player952> 2
[21:53:42] [Client thread/INFO]: [CHAT] <Player952> 2
[21:53:42] [Client thread/INFO]: [CHAT] <Player952> 2
[21:53:42] [Client thread/INFO]: [CHAT] <Player952> 2
[21:53:42] [Server thread/INFO]: <Player952> 2
[21:53:42] [Server thread/INFO]: <Player952> 2
[21:53:42] [Server thread/INFO]: <Player952> 2
[21:53:42] [Client thread/INFO]: [CHAT] <Player952> 2
[21:53:42] [Client thread/INFO]: [CHAT] <Player952> 2
[21:53:42] [Client thread/INFO]: [CHAT] <Player952> 2
[21:53:42] [Server thread/INFO]: <Player952> 2
[21:53:42] [Server thread/INFO]: <Player952> 2
[21:53:42] [Server thread/INFO]: <Player952> 2
[21:53:42] [Client thread/INFO]: [CHAT] <Player952> 2
[21:53:42] [Client thread/INFO]: [CHAT] <Player952> 2
[21:53:42] [Client thread/INFO]: [CHAT] <Player952> 2
[21:53:42] [Server thread/INFO]: <Player952> 2
[21:53:42] [Server thread/INFO]: <Player952> 2
[21:53:42] [Server thread/INFO]: <Player952> 2
[21:53:42] [Client thread/INFO]: [CHAT] <Player952> 2
[21:53:42] [Client thread/INFO]: [CHAT] <Player952> 2
[21:53:42] [Client thread/INFO]: [CHAT] <Player952> 2
[21:53:42] [Server thread/INFO]: <Player952> 2
[21:53:42] [Server thread/INFO]: <Player952> 2
[21:53:42] [Server thread/INFO]: <Player952> 2
[21:53:43] [Client thread/INFO]: [CHAT] <Player952> 2
[21:53:43] [Client thread/INFO]: [CHAT] <Player952> 2
[21:53:43] [Client thread/INFO]: [CHAT] <Player952> 2
[21:53:43] [Server thread/INFO]: <Player952> 2
[21:53:43] [Server thread/INFO]: <Player952> 2
[21:53:43] [Server thread/INFO]: <Player952> 2
[21:53:43] [Client thread/INFO]: [CHAT] <Player952> 2
[21:53:43] [Client thread/INFO]: [CHAT] <Player952> 2
[21:53:43] [Client thread/INFO]: [CHAT] <Player952> 2
[21:53:43] [Server thread/INFO]: <Player952> 2
[21:53:43] [Server thread/INFO]: <Player952> 2
[21:53:43] [Client thread/INFO]: [CHAT] <Player952> 2
[21:53:43] [Client thread/INFO]: [CHAT] <Player952> 2
[21:53:43] [Server thread/INFO]: <Player952> 2
[21:53:43] [Server thread/INFO]: <Player952> 2
[21:53:43] [Server thread/INFO]: <Player952> 2
[21:53:43] [Client thread/INFO]: [CHAT] <Player952> 2
[21:53:43] [Client thread/INFO]: [CHAT] <Player952> 2
[21:53:43] [Client thread/INFO]: [CHAT] <Player952> 2
[21:53:43] [Server thread/INFO]: <Player952> 2
[21:53:43] [Server thread/INFO]: <Player952> 2
[21:53:43] [Server thread/INFO]: <Player952> 2
[21:53:43] [Client thread/INFO]: [CHAT] <Player952> 2
[21:53:43] [Client thread/INFO]: [CHAT] <Player952> 2
[21:53:43] [Client thread/INFO]: [CHAT] <Player952> 2
[21:53:43] [Server thread/INFO]: <Player952> 2
[21:53:43] [Server thread/INFO]: <Player952> 2
[21:53:43] [Server thread/INFO]: <Player952> 2
[21:53:43] [Client thread/INFO]: [CHAT] <Player952> 2
[21:53:43] [Client thread/INFO]: [CHAT] <Player952> 2
[21:53:43] [Client thread/INFO]: [CHAT] <Player952> 2
[21:53:43] [Server thread/INFO]: <Player952> 2
[21:53:43] [Server thread/INFO]: <Player952> 2
[21:53:43] [Server thread/INFO]: <Player952> 2
[21:53:43] [Client thread/INFO]: [CHAT] <Player952> 2
[21:53:43] [Client thread/INFO]: [CHAT] <Player952> 2
[21:53:43] [Client thread/INFO]: [CHAT] <Player952> 2
[21:53:43] [Server thread/INFO]: <Player952> 2
[21:53:43] [Server thread/INFO]: <Player952> 2
[21:53:43] [Client thread/INFO]: [CHAT] <Player952> 2
[21:53:43] [Client thread/INFO]: [CHAT] <Player952> 2
[21:53:43] [Server thread/INFO]: <Player952> 2
[21:53:43] [Server thread/INFO]: <Player952> 2
[21:53:43] [Server thread/INFO]: <Player952> 2
[21:53:43] [Server thread/INFO]: <Player952> 2
[21:53:43] [Client thread/INFO]: [CHAT] <Player952> 2
[21:53:43] [Client thread/INFO]: [CHAT] <Player952> 2
[21:53:43] [Client thread/INFO]: [CHAT] <Player952> 2
[21:53:43] [Client thread/INFO]: [CHAT] <Player952> 2
[21:53:43] [Server thread/INFO]: <Player952> 2
[21:53:43] [Server thread/INFO]: <Player952> 2
[21:53:43] [Server thread/INFO]: <Player952> 2
[21:53:43] [Client thread/INFO]: [CHAT] <Player952> 2
[21:53:43] [Client thread/INFO]: [CHAT] <Player952> 2
[21:53:43] [Client thread/INFO]: [CHAT] <Player952> 2
[21:53:43] [Server thread/INFO]: <Player952> 2
[21:53:43] [Server thread/INFO]: <Player952> 2
[21:53:43] [Server thread/INFO]: <Player952> 2
[21:53:43] [Client thread/INFO]: [CHAT] <Player952> 2
[21:53:43] [Client thread/INFO]: [CHAT] <Player952> 2
[21:53:43] [Client thread/INFO]: [CHAT] <Player952> 2
[21:53:43] [Server thread/INFO]: <Player952> 2
[21:53:43] [Server thread/INFO]: <Player952> 2
[21:53:43] [Server thread/INFO]: <Player952> 2
[21:53:43] [Server thread/INFO]: <Player952> 2
[21:53:43] [Server thread/INFO]: <Player952> 2
[21:53:43] [Client thread/INFO]: [CHAT] <Player952> 2
[21:53:43] [Client thread/INFO]: [CHAT] <Player952> 2
[21:53:43] [Client thread/INFO]: [CHAT] <Player952> 2
[21:53:43] [Client thread/INFO]: [CHAT] <Player952> 2
[21:53:43] [Client thread/INFO]: [CHAT] <Player952> 2
[21:53:43] [Server thread/INFO]: <Player952> 2
[21:53:43] [Server thread/INFO]: <Player952> 2
[21:53:43] [Client thread/INFO]: [CHAT] <Player952> 2
[21:53:43] [Client thread/INFO]: [CHAT] <Player952> 2
[21:53:43] [Server thread/INFO]: <Player952> 2
[21:53:43] [Server thread/INFO]: <Player952> 2
[21:53:43] [Server thread/INFO]: <Player952> 2
[21:53:43] [Client thread/INFO]: [CHAT] <Player952> 2
[21:53:43] [Client thread/INFO]: [CHAT] <Player952> 2
[21:53:43] [Client thread/INFO]: [CHAT] <Player952> 2
[21:53:43] [Server thread/INFO]: <Player952> 2
[21:53:43] [Server thread/INFO]: <Player952> 2
[21:53:43] [Server thread/INFO]: <Player952> 2
[21:53:43] [Server thread/INFO]: <Player952> 2
[21:53:43] [Client thread/INFO]: [CHAT] <Player952> 2
[21:53:43] [Client thread/INFO]: [CHAT] <Player952> 2
[21:53:43] [Client thread/INFO]: [CHAT] <Player952> 2
[21:53:43] [Client thread/INFO]: [CHAT] <Player952> 2
[21:53:43] [Server thread/INFO]: <Player952> 2
[21:53:43] [Server thread/INFO]: <Player952> 2
[21:53:43] [Server thread/INFO]: <Player952> 2
[21:53:43] [Client thread/INFO]: [CHAT] <Player952> 2
[21:53:43] [Client thread/INFO]: [CHAT] <Player952> 2
[21:53:43] [Client thread/INFO]: [CHAT] <Player952> 2
[21:53:43] [Server thread/INFO]: <Player952> 2
[21:53:43] [Server thread/INFO]: <Player952> 2
[21:53:43] [Client thread/INFO]: [CHAT] <Player952> 2
[21:53:43] [Client thread/INFO]: [CHAT] <Player952> 2
[21:53:43] [Server thread/INFO]: <Player952> 2
[21:53:43] [Server thread/INFO]: <Player952> 2
[21:53:43] [Server thread/INFO]: <Player952> 2
[21:53:43] [Client thread/INFO]: [CHAT] <Player952> 2
[21:53:43] [Client thread/INFO]: [CHAT] <Player952> 2
[21:53:43] [Client thread/INFO]: [CHAT] <Player952> 2
[21:53:43] [Server thread/INFO]: <Player952> 2
[21:53:43] [Server thread/INFO]: <Player952> 2
[21:53:43] [Server thread/INFO]: <Player952> 2
[21:53:43] [Server thread/INFO]: <Player952> 2
[21:53:43] [Client thread/INFO]: [CHAT] <Player952> 2
[21:53:43] [Client thread/INFO]: [CHAT] <Player952> 2
[21:53:43] [Client thread/INFO]: [CHAT] <Player952> 2
[21:53:43] [Client thread/INFO]: [CHAT] <Player952> 2
[21:53:43] [Server thread/INFO]: <Player952> 2
[21:53:43] [Server thread/INFO]: <Player952> 2
[21:53:43] [Server thread/INFO]: <Player952> 2
[21:53:44] [Client thread/INFO]: [CHAT] <Player952> 2
[21:53:44] [Client thread/INFO]: [CHAT] <Player952> 2
[21:53:44] [Client thread/INFO]: [CHAT] <Player952> 2
[21:53:44] [Server thread/INFO]: <Player952> 2
[21:53:44] [Server thread/INFO]: <Player952> 2
[21:53:44] [Server thread/INFO]: <Player952> 2
[21:53:44] [Client thread/INFO]: [CHAT] <Player952> 2
[21:53:44] [Client thread/INFO]: [CHAT] <Player952> 2
[21:53:44] [Client thread/INFO]: [CHAT] <Player952> 2
[21:53:44] [Server thread/INFO]: <Player952> 2
[21:53:44] [Server thread/INFO]: <Player952> 2
[21:53:44] [Server thread/INFO]: <Player952> 2
[21:53:44] [Client thread/INFO]: [CHAT] <Player952> 2
[21:53:44] [Client thread/INFO]: [CHAT] <Player952> 2
[21:53:44] [Client thread/INFO]: [CHAT] <Player952> 2
[21:53:44] [Server thread/INFO]: <Player952> 2
[21:53:44] [Server thread/INFO]: <Player952> 2
[21:53:44] [Server thread/INFO]: <Player952> 2
[21:53:44] [Client thread/INFO]: [CHAT] <Player952> 2
[21:53:44] [Client thread/INFO]: [CHAT] <Player952> 2
[21:53:44] [Client thread/INFO]: [CHAT] <Player952> 2
[21:53:44] [Server thread/INFO]: <Player952> 2
[21:53:44] [Server thread/INFO]: <Player952> 2
[21:53:44] [Server thread/INFO]: <Player952> 2
[21:53:44] [Client thread/INFO]: [CHAT] <Player952> 2
[21:53:44] [Client thread/INFO]: [CHAT] <Player952> 2
[21:53:44] [Client thread/INFO]: [CHAT] <Player952> 2
[21:53:44] [Server thread/INFO]: <Player952> 2
[21:53:44] [Client thread/INFO]: [CHAT] <Player952> 2
[21:53:44] [Server thread/INFO]: <Player952> 2
[21:53:44] [Server thread/INFO]: <Player952> 2
[21:53:44] [Server thread/INFO]: <Player952> 2
[21:53:44] [Client thread/INFO]: [CHAT] <Player952> 2
[21:53:44] [Client thread/INFO]: [CHAT] <Player952> 2
[21:53:44] [Client thread/INFO]: [CHAT] <Player952> 2
[21:53:44] [Server thread/INFO]: <Player952> 2
[21:53:44] [Server thread/INFO]: <Player952> 2
[21:53:44] [Server thread/INFO]: <Player952> 2
[21:53:44] [Client thread/INFO]: [CHAT] <Player952> 2
[21:53:44] [Client thread/INFO]: [CHAT] <Player952> 2
[21:53:44] [Client thread/INFO]: [CHAT] <Player952> 2
[21:53:44] [Server thread/INFO]: <Player952> 2
[21:53:44] [Server thread/INFO]: <Player952> 2
[21:53:44] [Server thread/INFO]: <Player952> 2
[21:53:44] [Client thread/INFO]: [CHAT] <Player952> 2
[21:53:44] [Client thread/INFO]: [CHAT] <Player952> 2
[21:53:44] [Client thread/INFO]: [CHAT] <Player952> 2
[21:53:44] [Server thread/INFO]: <Player952> 2
[21:53:44] [Server thread/INFO]: <Player952> 2
[21:53:44] [Server thread/INFO]: <Player952> 2
[21:53:44] [Client thread/INFO]: [CHAT] <Player952> 2
[21:53:44] [Client thread/INFO]: [CHAT] <Player952> 2
[21:53:44] [Client thread/INFO]: [CHAT] <Player952> 2
[21:53:44] [Server thread/INFO]: <Player952> 2
[21:53:44] [Server thread/INFO]: <Player952> 2
[21:53:44] [Client thread/INFO]: [CHAT] <Player952> 2
[21:53:44] [Client thread/INFO]: [CHAT] <Player952> 2
[21:53:44] [Server thread/INFO]: <Player952> 2
[21:53:44] [Server thread/INFO]: <Player952> 2
[21:53:44] [Server thread/INFO]: <Player952> 2
[21:53:44] [Server thread/INFO]: <Player952> 2
[21:53:44] [Client thread/INFO]: [CHAT] <Player952> 2
[21:53:44] [Client thread/INFO]: [CHAT] <Player952> 2
[21:53:44] [Client thread/INFO]: [CHAT] <Player952> 2
[21:53:44] [Client thread/INFO]: [CHAT] <Player952> 2
[21:53:44] [Server thread/INFO]: <Player952> 2
[21:53:44] [Server thread/INFO]: <Player952> 2
[21:53:44] [Server thread/INFO]: <Player952> 2
[21:53:44] [Server thread/INFO]: <Player952> 2
[21:53:44] [Server thread/INFO]: <Player952> 2
[21:53:44] [Server thread/INFO]: <Player952> 2
[21:53:44] [Client thread/INFO]: [CHAT] <Player952> 2
[21:53:44] [Client thread/INFO]: [CHAT] <Player952> 2
[21:53:44] [Client thread/INFO]: [CHAT] <Player952> 2
[21:53:44] [Client thread/INFO]: [CHAT] <Player952> 2
[21:53:44] [Client thread/INFO]: [CHAT] <Player952> 2
[21:53:44] [Client thread/INFO]: [CHAT] <Player952> 2
[21:53:44] [Server thread/INFO]: <Player952> 2
[21:53:44] [Server thread/INFO]: <Player952> 2
[21:53:44] [Client thread/INFO]: [CHAT] <Player952> 2
[21:53:44] [Client thread/INFO]: [CHAT] <Player952> 2
[21:53:44] [Server thread/INFO]: <Player952> 2
[21:53:44] [Server thread/INFO]: <Player952> 2
[21:53:44] [Server thread/INFO]: <Player952> 2
[21:53:44] [Server thread/INFO]: <Player952> 2
[21:53:44] [Client thread/INFO]: [CHAT] <Player952> 2
[21:53:44] [Client thread/INFO]: [CHAT] <Player952> 2
[21:53:44] [Client thread/INFO]: [CHAT] <Player952> 2
[21:53:44] [Client thread/INFO]: [CHAT] <Player952> 2
[21:53:44] [Server thread/INFO]: <Player952> 2
[21:53:44] [Server thread/INFO]: <Player952> 2
[21:53:44] [Server thread/INFO]: <Player952> 2
[21:53:44] [Client thread/INFO]: [CHAT] <Player952> 2
[21:53:44] [Client thread/INFO]: [CHAT] <Player952> 2
[21:53:44] [Client thread/INFO]: [CHAT] <Player952> 2
[21:53:44] [Server thread/INFO]: <Player952> 2
[21:53:44] [Server thread/INFO]: <Player952> 2
[21:53:44] [Server thread/INFO]: <Player952> 2
[21:53:44] [Client thread/INFO]: [CHAT] <Player952> 2
[21:53:44] [Client thread/INFO]: [CHAT] <Player952> 2
[21:53:44] [Client thread/INFO]: [CHAT] <Player952> 2
[21:53:44] [Server thread/INFO]: <Player952> 2
[21:53:44] [Server thread/INFO]: <Player952> 2
[21:53:44] [Server thread/INFO]: <Player952> 2
[21:53:44] [Client thread/INFO]: [CHAT] <Player952> 2
[21:53:44] [Client thread/INFO]: [CHAT] <Player952> 2
[21:53:44] [Client thread/INFO]: [CHAT] <Player952> 2
[21:53:44] [Server thread/INFO]: <Player952> 2
[21:53:44] [Server thread/INFO]: <Player952> 2
[21:53:44] [Client thread/INFO]: [CHAT] <Player952> 2
[21:53:44] [Client thread/INFO]: [CHAT] <Player952> 2
[21:53:44] [Server thread/INFO]: <Player952> 2
[21:53:44] [Server thread/INFO]: <Player952> 2
[21:53:44] [Server thread/INFO]: <Player952> 2
[21:53:44] [Server thread/INFO]: <Player952> 2
[21:53:45] [Client thread/INFO]: [CHAT] <Player952> 2
[21:53:45] [Client thread/INFO]: [CHAT] <Player952> 2
[21:53:45] [Client thread/INFO]: [CHAT] <Player952> 2
[21:53:45] [Client thread/INFO]: [CHAT] <Player952> 2
[21:53:45] [Server thread/INFO]: <Player952> 2
[21:53:45] [Server thread/INFO]: <Player952> 2
[21:53:45] [Server thread/INFO]: <Player952> 2
[21:53:45] [Client thread/INFO]: [CHAT] <Player952> 2
[21:53:45] [Client thread/INFO]: [CHAT] <Player952> 2
[21:53:45] [Client thread/INFO]: [CHAT] <Player952> 2
[21:53:45] [Server thread/INFO]: <Player952> 2
[21:53:45] [Server thread/INFO]: <Player952> 2
[21:53:45] [Server thread/INFO]: <Player952> 2
[21:53:45] [Client thread/INFO]: [CHAT] <Player952> 2
[21:53:45] [Client thread/INFO]: [CHAT] <Player952> 2
[21:53:45] [Client thread/INFO]: [CHAT] <Player952> 2
[21:53:45] [Server thread/INFO]: <Player952> 2
[21:53:45] [Server thread/INFO]: <Player952> 2
[21:53:45] [Server thread/INFO]: <Player952> 2
[21:53:45] [Client thread/INFO]: [CHAT] <Player952> 2
[21:53:45] [Client thread/INFO]: [CHAT] <Player952> 2
[21:53:45] [Client thread/INFO]: [CHAT] <Player952> 2
[21:53:45] [Server thread/INFO]: <Player952> 2
[21:53:45] [Server thread/INFO]: <Player952> 2
[21:53:45] [Server thread/INFO]: <Player952> 2
[21:53:45] [Client thread/INFO]: [CHAT] <Player952> 2
[21:53:45] [Client thread/INFO]: [CHAT] <Player952> 2
[21:53:45] [Client thread/INFO]: [CHAT] <Player952> 2
[21:53:45] [Server thread/INFO]: <Player952> 2
[21:53:45] [Server thread/INFO]: <Player952> 2
[21:53:45] [Server thread/INFO]: <Player952> 2
[21:53:45] [Client thread/INFO]: [CHAT] <Player952> 2
[21:53:45] [Client thread/INFO]: [CHAT] <Player952> 2
[21:53:45] [Client thread/INFO]: [CHAT] <Player952> 2
[21:53:45] [Server thread/INFO]: <Player952> 2
[21:53:45] [Server thread/INFO]: <Player952> 2
[21:53:45] [Server thread/INFO]: <Player952> 2
[21:53:45] [Client thread/INFO]: [CHAT] <Player952> 2
[21:53:45] [Client thread/INFO]: [CHAT] <Player952> 2
[21:53:45] [Client thread/INFO]: [CHAT] <Player952> 2
[21:53:45] [Server thread/INFO]: <Player952> 2
[21:53:45] [Server thread/INFO]: <Player952> 2
[21:53:45] [Server thread/INFO]: <Player952> 2
[21:53:45] [Client thread/INFO]: [CHAT] <Player952> 2
[21:53:45] [Client thread/INFO]: [CHAT] <Player952> 2
[21:53:45] [Client thread/INFO]: [CHAT] <Player952> 2
[21:53:45] [Server thread/INFO]: <Player952> 2
[21:53:45] [Server thread/INFO]: <Player952> 2
[21:53:45] [Server thread/INFO]: <Player952> 2
[21:53:45] [Client thread/INFO]: [CHAT] <Player952> 2
[21:53:45] [Client thread/INFO]: [CHAT] <Player952> 2
[21:53:45] [Client thread/INFO]: [CHAT] <Player952> 2
[21:53:45] [Server thread/INFO]: <Player952> 2
[21:53:45] [Server thread/INFO]: <Player952> 2
[21:53:45] [Server thread/INFO]: <Player952> 2
[21:53:45] [Client thread/INFO]: [CHAT] <Player952> 2
[21:53:45] [Client thread/INFO]: [CHAT] <Player952> 2
[21:53:45] [Client thread/INFO]: [CHAT] <Player952> 2
[21:53:45] [Server thread/INFO]: <Player952> 2
[21:53:45] [Server thread/INFO]: <Player952> 2
[21:53:45] [Server thread/INFO]: <Player952> 2
[21:53:45] [Client thread/INFO]: [CHAT] <Player952> 2
[21:53:45] [Client thread/INFO]: [CHAT] <Player952> 2
[21:53:45] [Client thread/INFO]: [CHAT] <Player952> 2
[21:53:45] [Server thread/INFO]: <Player952> 2
[21:53:45] [Server thread/INFO]: <Player952> 2
[21:53:45] [Client thread/INFO]: [CHAT] <Player952> 2
[21:53:45] [Client thread/INFO]: [CHAT] <Player952> 2
[21:53:45] [Server thread/INFO]: <Player952> 2
[21:53:45] [Server thread/INFO]: <Player952> 2
[21:53:45] [Server thread/INFO]: <Player952> 2
[21:53:45] [Server thread/INFO]: <Player952> 2
[21:53:45] [Client thread/INFO]: [CHAT] <Player952> 2
[21:53:45] [Client thread/INFO]: [CHAT] <Player952> 2
[21:53:45] [Client thread/INFO]: [CHAT] <Player952> 2
[21:53:45] [Client thread/INFO]: [CHAT] <Player952> 2
[21:53:45] [Server thread/INFO]: <Player952> 2
[21:53:45] [Server thread/INFO]: <Player952> 2
[21:53:45] [Server thread/INFO]: <Player952> 2
[21:53:45] [Client thread/INFO]: [CHAT] <Player952> 2
[21:53:45] [Client thread/INFO]: [CHAT] <Player952> 2
[21:53:45] [Client thread/INFO]: [CHAT] <Player952> 2
[21:53:45] [Server thread/INFO]: <Player952> 2
[21:53:45] [Server thread/INFO]: <Player952> 2
[21:53:45] [Server thread/INFO]: <Player952> 2
[21:53:45] [Client thread/INFO]: [CHAT] <Player952> 2
[21:53:45] [Client thread/INFO]: [CHAT] <Player952> 2
[21:53:45] [Client thread/INFO]: [CHAT] <Player952> 2
[21:53:45] [Server thread/INFO]: <Player952> 2
[21:53:45] [Server thread/INFO]: <Player952> 2
[21:53:45] [Server thread/INFO]: <Player952> 2
[21:53:45] [Client thread/INFO]: [CHAT] <Player952> 2
[21:53:45] [Client thread/INFO]: [CHAT] <Player952> 2
[21:53:45] [Client thread/INFO]: [CHAT] <Player952> 2
[21:53:45] [Server thread/INFO]: <Player952> 2
[21:53:45] [Server thread/INFO]: <Player952> 2
[21:53:45] [Client thread/INFO]: [CHAT] <Player952> 2
[21:53:45] [Client thread/INFO]: [CHAT] <Player952> 2
[21:53:45] [Server thread/INFO]: <Player952> 2
[21:53:45] [Server thread/INFO]: <Player952> 2
[21:53:45] [Server thread/INFO]: <Player952> 2
[21:53:45] [Client thread/INFO]: [CHAT] <Player952> 2
[21:53:45] [Client thread/INFO]: [CHAT] <Player952> 2
[21:53:45] [Client thread/INFO]: [CHAT] <Player952> 2
[21:53:45] [Server thread/INFO]: <Player952> 2
[21:53:45] [Server thread/INFO]: <Player952> 2
[21:53:45] [Server thread/INFO]: <Player952> 2
[21:53:45] [Client thread/INFO]: [CHAT] <Player952> 2
[21:53:45] [Client thread/INFO]: [CHAT] <Player952> 2
[21:53:45] [Client thread/INFO]: [CHAT] <Player952> 2
[21:53:45] [Server thread/INFO]: <Player952> 2
[21:53:45] [Server thread/INFO]: <Player952> 2
[21:53:45] [Server thread/INFO]: <Player952> 2
[21:53:45] [Client thread/INFO]: [CHAT] <Player952> 2
[21:53:45] [Client thread/INFO]: [CHAT] <Player952> 2
[21:53:45] [Client thread/INFO]: [CHAT] <Player952> 2
[21:53:45] [Server thread/INFO]: <Player952> 2
[21:53:46] [Client thread/INFO]: [CHAT] <Player952> 2
[21:53:46] [Server thread/INFO]: <Player952> 2
[21:53:46] [Server thread/INFO]: <Player952> 2
[21:53:46] [Client thread/INFO]: [CHAT] <Player952> 2
[21:53:46] [Client thread/INFO]: [CHAT] <Player952> 2
[21:53:46] [Server thread/INFO]: <Player952> 2
[21:53:46] [Client thread/INFO]: [CHAT] <Player952> 2
[21:53:47] [Server thread/INFO]: <Player952> 2
[21:53:47] [Server thread/INFO]: <Player952> 2
[21:53:47] [Server thread/INFO]: <Player952> 2
[21:53:47] [Client thread/INFO]: [CHAT] <Player952> 2
[21:53:47] [Client thread/INFO]: [CHAT] <Player952> 2
[21:53:47] [Client thread/INFO]: [CHAT] <Player952> 2
[21:53:47] [Server thread/INFO]: <Player952> 2
[21:53:47] [Server thread/INFO]: <Player952> 2
[21:53:47] [Server thread/INFO]: <Player952> 2
[21:53:47] [Client thread/INFO]: [CHAT] <Player952> 2
[21:53:47] [Client thread/INFO]: [CHAT] <Player952> 2
[21:53:47] [Client thread/INFO]: [CHAT] <Player952> 2
[21:53:47] [Server thread/INFO]: <Player952> 2
[21:53:48] [Client thread/INFO]: [CHAT] <Player952> 2
[21:53:48] [Server thread/INFO]: <Player952> 2
[21:53:48] [Server thread/INFO]: <Player952> 2
[21:53:48] [Server thread/INFO]: <Player952> 2
[21:53:48] [Client thread/INFO]: [CHAT] <Player952> 2
[21:53:48] [Client thread/INFO]: [CHAT] <Player952> 2
[21:53:48] [Client thread/INFO]: [CHAT] <Player952> 2
[21:53:48] [Server thread/INFO]: <Player952> 2
[21:53:48] [Client thread/INFO]: [CHAT] <Player952> 2
[21:53:48] [Server thread/INFO]: <Player952> 2
[21:53:48] [Server thread/INFO]: <Player952> 2
[21:53:48] [Server thread/INFO]: <Player952> 2
[21:53:48] [Client thread/INFO]: [CHAT] <Player952> 2
[21:53:48] [Client thread/INFO]: [CHAT] <Player952> 2
[21:53:48] [Client thread/INFO]: [CHAT] <Player952> 2
[21:53:48] [Server thread/INFO]: <Player952> 2
[21:53:48] [Server thread/INFO]: <Player952> 2
[21:53:48] [Server thread/INFO]: <Player952> 2
[21:53:48] [Server thread/INFO]: <Player952> 2
[21:53:48] [Client thread/INFO]: [CHAT] <Player952> 2
[21:53:48] [Client thread/INFO]: [CHAT] <Player952> 2
[21:53:48] [Client thread/INFO]: [CHAT] <Player952> 2
[21:53:48] [Client thread/INFO]: [CHAT] <Player952> 2
[21:53:48] [Server thread/INFO]: <Player952> 2
[21:53:48] [Server thread/INFO]: <Player952> 2
[21:53:48] [Client thread/INFO]: [CHAT] <Player952> 2
[21:53:48] [Client thread/INFO]: [CHAT] <Player952> 2
[21:53:48] [Server thread/INFO]: <Player952> 2
[21:53:48] [Server thread/INFO]: <Player952> 2
[21:53:48] [Server thread/INFO]: <Player952> 2
[21:53:48] [Client thread/INFO]: [CHAT] <Player952> 2
[21:53:48] [Client thread/INFO]: [CHAT] <Player952> 2
[21:53:48] [Client thread/INFO]: [CHAT] <Player952> 2
[21:53:48] [Server thread/INFO]: <Player952> 2
[21:53:48] [Server thread/INFO]: <Player952> 2
[21:53:48] [Server thread/INFO]: <Player952> 2
[21:53:48] [Client thread/INFO]: [CHAT] <Player952> 2
[21:53:48] [Client thread/INFO]: [CHAT] <Player952> 2
[21:53:48] [Client thread/INFO]: [CHAT] <Player952> 2
[21:53:48] [Server thread/INFO]: <Player952> 2
[21:53:48] [Server thread/INFO]: <Player952> 2
[21:53:48] [Server thread/INFO]: <Player952> 2
[21:53:48] [Client thread/INFO]: [CHAT] <Player952> 2
[21:53:48] [Client thread/INFO]: [CHAT] <Player952> 2
[21:53:48] [Client thread/INFO]: [CHAT] <Player952> 2
[21:53:48] [Server thread/INFO]: <Player952> 2
[21:53:48] [Server thread/INFO]: <Player952> 2
[21:53:48] [Server thread/INFO]: <Player952> 2
[21:53:48] [Client thread/INFO]: [CHAT] <Player952> 2
[21:53:48] [Client thread/INFO]: [CHAT] <Player952> 2
[21:53:48] [Client thread/INFO]: [CHAT] <Player952> 2
[21:53:48] [Server thread/INFO]: <Player952> 2
[21:53:48] [Server thread/INFO]: <Player952> 2
[21:53:48] [Server thread/INFO]: <Player952> 2
[21:53:48] [Client thread/INFO]: [CHAT] <Player952> 2
[21:53:48] [Client thread/INFO]: [CHAT] <Player952> 2
[21:53:48] [Client thread/INFO]: [CHAT] <Player952> 2
[21:53:48] [Server thread/INFO]: <Player952> 2
[21:53:48] [Server thread/INFO]: <Player952> 2
[21:53:48] [Server thread/INFO]: <Player952> 2
[21:53:48] [Client thread/INFO]: [CHAT] <Player952> 2
[21:53:48] [Client thread/INFO]: [CHAT] <Player952> 2
[21:53:48] [Client thread/INFO]: [CHAT] <Player952> 2
[21:53:48] [Server thread/INFO]: <Player952> 2
[21:53:48] [Server thread/INFO]: <Player952> 2
[21:53:48] [Client thread/INFO]: [CHAT] <Player952> 2
[21:53:48] [Client thread/INFO]: [CHAT] <Player952> 2
[21:53:49] [Server thread/INFO]: <Player952> 2
[21:53:49] [Server thread/INFO]: <Player952> 2
[21:53:49] [Client thread/INFO]: [CHAT] <Player952> 2
[21:53:49] [Client thread/INFO]: [CHAT] <Player952> 2
[21:53:49] [Server thread/INFO]: <Player952> 2
[21:53:49] [Server thread/INFO]: <Player952> 2
[21:53:49] [Server thread/INFO]: <Player952> 2
[21:53:49] [Client thread/INFO]: [CHAT] <Player952> 2
[21:53:49] [Client thread/INFO]: [CHAT] <Player952> 2
[21:53:49] [Client thread/INFO]: [CHAT] <Player952> 2
[21:53:49] [Server thread/INFO]: <Player952> 2
[21:53:49] [Server thread/INFO]: <Player952> 2
[21:53:49] [Server thread/INFO]: <Player952> 2
[21:53:49] [Client thread/INFO]: [CHAT] <Player952> 2
[21:53:49] [Client thread/INFO]: [CHAT] <Player952> 2
[21:53:49] [Client thread/INFO]: [CHAT] <Player952> 2
[21:53:49] [Server thread/INFO]: <Player952> 2
[21:53:49] [Server thread/INFO]: <Player952> 2
[21:53:49] [Server thread/INFO]: <Player952> 2
[21:53:49] [Client thread/INFO]: [CHAT] <Player952> 2
[21:53:49] [Client thread/INFO]: [CHAT] <Player952> 2
[21:53:49] [Client thread/INFO]: [CHAT] <Player952> 2
[21:53:49] [Server thread/INFO]: <Player952> 2
[21:53:49] [Server thread/INFO]: <Player952> 2
[21:53:49] [Client thread/INFO]: [CHAT] <Player952> 2
[21:53:49] [Client thread/INFO]: [CHAT] <Player952> 2
[21:53:50] [Server thread/INFO]: <Player952> 2
[21:53:50] [Client thread/INFO]: [CHAT] <Player952> 2
[21:53:50] [Server thread/INFO]: <Player952> 2
[21:53:50] [Server thread/INFO]: <Player952> 2
[21:53:50] [Server thread/INFO]: <Player952> 2
[21:53:50] [Client thread/INFO]: [CHAT] <Player952> 2
[21:53:50] [Client thread/INFO]: [CHAT] <Player952> 2
[21:53:50] [Client thread/INFO]: [CHAT] <Player952> 2
[21:53:50] [Server thread/INFO]: <Player952> 2
[21:53:50] [Server thread/INFO]: <Player952> 2
[21:53:50] [Server thread/INFO]: <Player952> 2
[21:53:50] [Client thread/INFO]: [CHAT] <Player952> 2
[21:53:50] [Client thread/INFO]: [CHAT] <Player952> 2
[21:53:50] [Client thread/INFO]: [CHAT] <Player952> 2
[21:53:50] [Server thread/INFO]: <Player952> 2
[21:53:50] [Server thread/INFO]: <Player952> 2
[21:53:50] [Server thread/INFO]: <Player952> 2
[21:53:50] [Client thread/INFO]: [CHAT] <Player952> 2
[21:53:50] [Client thread/INFO]: [CHAT] <Player952> 2
[21:53:50] [Client thread/INFO]: [CHAT] <Player952> 2
[21:53:50] [Server thread/INFO]: <Player952> 2
[21:53:50] [Server thread/INFO]: <Player952> 2
[21:53:50] [Client thread/INFO]: [CHAT] <Player952> 2
[21:53:50] [Client thread/INFO]: [CHAT] <Player952> 2
[21:53:50] [Server thread/INFO]: <Player952> 2
[21:53:50] [Client thread/INFO]: [CHAT] <Player952> 2
[21:53:50] [Server thread/INFO]: <Player952> 2
[21:53:50] [Server thread/INFO]: <Player952> 2
[21:53:50] [Server thread/INFO]: <Player952> 2
[21:53:50] [Client thread/INFO]: [CHAT] <Player952> 2
[21:53:50] [Client thread/INFO]: [CHAT] <Player952> 2
[21:53:50] [Client thread/INFO]: [CHAT] <Player952> 2
[21:53:50] [Server thread/INFO]: <Player952> 2
[21:53:50] [Server thread/INFO]: <Player952> 2
[21:53:50] [Server thread/INFO]: <Player952> 2
[21:53:50] [Client thread/INFO]: [CHAT] <Player952> 2
[21:53:50] [Client thread/INFO]: [CHAT] <Player952> 2
[21:53:50] [Client thread/INFO]: [CHAT] <Player952> 2
[21:53:50] [Server thread/INFO]: <Player952> 2
[21:53:50] [Server thread/INFO]: <Player952> 2
[21:53:50] [Server thread/INFO]: <Player952> 2
[21:53:50] [Client thread/INFO]: [CHAT] <Player952> 2
[21:53:50] [Client thread/INFO]: [CHAT] <Player952> 2
[21:53:50] [Client thread/INFO]: [CHAT] <Player952> 2
[21:53:50] [Server thread/INFO]: <Player952> 2
[21:53:50] [Server thread/INFO]: <Player952> 2
[21:53:50] [Server thread/INFO]: <Player952> 2
[21:53:50] [Client thread/INFO]: [CHAT] <Player952> 2
[21:53:50] [Client thread/INFO]: [CHAT] <Player952> 2
[21:53:50] [Client thread/INFO]: [CHAT] <Player952> 2
[21:53:50] [Server thread/INFO]: <Player952> 2
[21:53:50] [Server thread/INFO]: <Player952> 2
[21:53:50] [Server thread/INFO]: <Player952> 2
[21:53:50] [Client thread/INFO]: [CHAT] <Player952> 2
[21:53:50] [Client thread/INFO]: [CHAT] <Player952> 2
[21:53:50] [Client thread/INFO]: [CHAT] <Player952> 2
[21:53:50] [Server thread/INFO]: <Player952> 2
[21:53:50] [Server thread/INFO]: <Player952> 2
[21:53:50] [Server thread/INFO]: <Player952> 2
[21:53:50] [Client thread/INFO]: [CHAT] <Player952> 2
[21:53:50] [Client thread/INFO]: [CHAT] <Player952> 2
[21:53:50] [Client thread/INFO]: [CHAT] <Player952> 2
[21:53:50] [Server thread/INFO]: <Player952> 2
[21:53:50] [Server thread/INFO]: <Player952> 2
[21:53:50] [Server thread/INFO]: <Player952> 2
[21:53:50] [Client thread/INFO]: [CHAT] <Player952> 2
[21:53:50] [Client thread/INFO]: [CHAT] <Player952> 2
[21:53:50] [Client thread/INFO]: [CHAT] <Player952> 2
[21:53:50] [Server thread/INFO]: <Player952> 2
[21:53:50] [Server thread/INFO]: <Player952> 2
[21:53:50] [Server thread/INFO]: <Player952> 2
[21:53:50] [Client thread/INFO]: [CHAT] <Player952> 2
[21:53:50] [Client thread/INFO]: [CHAT] <Player952> 2
[21:53:50] [Client thread/INFO]: [CHAT] <Player952> 2
[21:53:50] [Server thread/INFO]: <Player952> 2
[21:53:50] [Server thread/INFO]: <Player952> 2
[21:53:50] [Server thread/INFO]: <Player952> 2
[21:53:50] [Client thread/INFO]: [CHAT] <Player952> 2
[21:53:50] [Client thread/INFO]: [CHAT] <Player952> 2
[21:53:50] [Client thread/INFO]: [CHAT] <Player952> 2
[21:53:51] [Server thread/INFO]: <Player952> 2
[21:53:51] [Server thread/INFO]: <Player952> 2
[21:53:51] [Server thread/INFO]: <Player952> 2
[21:53:51] [Client thread/INFO]: [CHAT] <Player952> 2
[21:53:51] [Client thread/INFO]: [CHAT] <Player952> 2
[21:53:51] [Client thread/INFO]: [CHAT] <Player952> 2
[21:53:51] [Server thread/INFO]: <Player952> 2
[21:53:51] [Server thread/INFO]: <Player952> 2
[21:53:51] [Server thread/INFO]: <Player952> 2
[21:53:51] [Client thread/INFO]: [CHAT] <Player952> 2
[21:53:51] [Client thread/INFO]: [CHAT] <Player952> 2
[21:53:51] [Client thread/INFO]: [CHAT] <Player952> 2
[21:53:51] [Server thread/INFO]: <Player952> 2
[21:53:51] [Server thread/INFO]: <Player952> 2
[21:53:51] [Server thread/INFO]: <Player952> 2
[21:53:51] [Client thread/INFO]: [CHAT] <Player952> 2
[21:53:51] [Client thread/INFO]: [CHAT] <Player952> 2
[21:53:51] [Client thread/INFO]: [CHAT] <Player952> 2
[21:53:51] [Server thread/INFO]: <Player952> 2
[21:53:51] [Server thread/INFO]: <Player952> 2
[21:53:51] [Server thread/INFO]: <Player952> 2
[21:53:51] [Client thread/INFO]: [CHAT] <Player952> 2
[21:53:51] [Client thread/INFO]: [CHAT] <Player952> 2
[21:53:51] [Client thread/INFO]: [CHAT] <Player952> 2
[21:53:51] [Server thread/INFO]: <Player952> 2
[21:53:51] [Server thread/INFO]: <Player952> 2
[21:53:51] [Server thread/INFO]: <Player952> 2
[21:53:51] [Client thread/INFO]: [CHAT] <Player952> 2
[21:53:51] [Client thread/INFO]: [CHAT] <Player952> 2
[21:53:51] [Client thread/INFO]: [CHAT] <Player952> 2
[21:53:51] [Server thread/INFO]: <Player952> 2
[21:53:51] [Server thread/INFO]: <Player952> 2
[21:53:51] [Server thread/INFO]: <Player952> 2
[21:53:51] [Client thread/INFO]: [CHAT] <Player952> 2
[21:53:51] [Client thread/INFO]: [CHAT] <Player952> 2
[21:53:51] [Client thread/INFO]: [CHAT] <Player952> 2
[21:53:51] [Server thread/INFO]: <Player952> 2
[21:53:51] [Server thread/INFO]: <Player952> 2
[21:53:51] [Server thread/INFO]: <Player952> 2
[21:53:51] [Client thread/INFO]: [CHAT] <Player952> 2
[21:53:51] [Client thread/INFO]: [CHAT] <Player952> 2
[21:53:51] [Client thread/INFO]: [CHAT] <Player952> 2
[21:53:51] [Server thread/INFO]: <Player952> 2
[21:53:51] [Server thread/INFO]: <Player952> 2
[21:53:51] [Client thread/INFO]: [CHAT] <Player952> 2
[21:53:51] [Client thread/INFO]: [CHAT] <Player952> 2
[21:53:52] [Client thread/INFO]: Stopping!
[21:53:52] [Server thread/INFO]: Stopping server
[21:53:52] [Server thread/INFO]: Saving players
[21:53:52] [Server thread/INFO]: Saving worlds
[21:53:52] [Server thread/INFO]: Saving chunks for level 'mcpworld'/Overworld
[21:53:52] [Server thread/INFO]: Saving chunks for level 'mcpworld'/Nether
[21:53:52] [Server thread/INFO]: Saving chunks for level 'mcpworld'/The End
